# JRE version: Java(TM) SE Runtime Environment (8.0_131-b11) (build 1.8.0_131-b11)
# Java VM: Java HotSpot(TM) 64-Bit Server VM (25.131-b11 mixed mode windows-amd64 compressed oops)
Heap:
 PSYoungGen      total 38400K, used 16429K [0x00000000d5900000, 0x00000000d8380000, 0x0000000100000000)
  eden space 33280K, 38% used [0x00000000d5900000,0x00000000d6577728,0x00000000d7980000)
  from space 5120K, 71% used [0x00000000d7980000,0x00000000d7d14010,0x00000000d7e80000)
  to   space 5120K, 0% used [0x00000000d7e80000,0x00000000d7e80000,0x00000000d8380000)
 ParOldGen       total 87552K, used 40K [0x0000000080a00000, 0x0000000085f80000, 0x00000000d5900000)
  object space 87552K, 0% used [0x0000000080a00000,0x0000000080a0a000,0x0000000085f80000)
 Metaspace       used 15860K, capacity 16108K, committed 16384K, reserved 1062912K
  class space    used 1951K, capacity 2041K, committed 2048K, reserved 1048576K
GC Heap History (6 events):
Event: 23.063 GC heap before
{Heap before GC invocations=1 (full 0):
 PSYoungGen      total 38400K, used 33280K [0x00000000d5900000, 0x00000000d8380000, 0x0000000100000000)
  eden space 33280K, 100% used [0x00000000d5900000,0x00000000d7980000,0x00000000d7980000)
  from space 5120K, 0% used [0x00000000d7e80000,0x00000000d7e80000,0x00000000d8380000)
  to   space 5120K, 0% used [0x00000000d7980000,0x00000000d7980000,0x00000000d7e80000)
 ParOldGen       total 87552K, used 0K [0x0000000080a00000, 0x0000000085f80000, 0x00000000d5900000)
  object space 87552K, 0% used [0x0000000080a00000,0x0000000080a00000,0x0000000085f80000)
 Metaspace       used 15150K, capacity 15436K, committed 15616K, reserved 1062912K
  class space    used 1909K, capacity 2009K, committed 2048K, reserved 1048576K
Event: 23.067 GC heap after
Heap after GC invocations=1 (full 0):
 PSYoungGen      total 38400K, used 3696K [0x00000000d5900000, 0x00000000d8380000, 0x0000000100000000)
  eden space 33280K, 0% used [0x00000000d5900000,0x00000000d5900000,0x00000000d7980000)
  from space 5120K, 72% used [0x00000000d7980000,0x00000000d7d1c010,0x00000000d7e80000)
  to   space 5120K, 0% used [0x00000000d7e80000,0x00000000d7e80000,0x00000000d8380000)
 ParOldGen       total 87552K, used 16K [0x0000000080a00000, 0x0000000085f80000, 0x00000000d5900000)
  object space 87552K, 0% used [0x0000000080a00000,0x0000000080a04000,0x0000000085f80000)
 Metaspace       used 15150K, capacity 15436K, committed 15616K, reserved 1062912K
  class space    used 1909K, capacity 2009K, committed 2048K, reserved 1048576K
}
Event: 69.064 GC heap before
{Heap before GC invocations=2 (full 0):
 PSYoungGen      total 38400K, used 36976K [0x00000000d5900000, 0x00000000d8380000, 0x0000000100000000)
  eden space 33280K, 100% used [0x00000000d5900000,0x00000000d7980000,0x00000000d7980000)
  from space 5120K, 72% used [0x00000000d7980000,0x00000000d7d1c010,0x00000000d7e80000)
  to   space 5120K, 0% used [0x00000000d7e80000,0x00000000d7e80000,0x00000000d8380000)
 ParOldGen       total 87552K, used 16K [0x0000000080a00000, 0x0000000085f80000, 0x00000000d5900000)
  object space 87552K, 0% used [0x0000000080a00000,0x0000000080a04000,0x0000000085f80000)
 Metaspace       used 15803K, capacity 16044K, committed 16384K, reserved 1062912K
  class space    used 1949K, capacity 2041K, committed 2048K, reserved 1048576K
Event: 69.070 GC heap after
Heap after GC invocations=2 (full 0):
 PSYoungGen      total 38400K, used 3648K [0x00000000d5900000, 0x00000000d8380000, 0x0000000100000000)
  eden space 33280K, 0% used [0x00000000d5900000,0x00000000d5900000,0x00000000d7980000)
  from space 5120K, 71% used [0x00000000d7e80000,0x00000000d8210020,0x00000000d8380000)
  to   space 5120K, 0% used [0x00000000d7980000,0x00000000d7980000,0x00000000d7e80000)
 ParOldGen       total 87552K, used 32K [0x0000000080a00000, 0x0000000085f80000, 0x00000000d5900000)
  object space 87552K, 0% used [0x0000000080a00000,0x0000000080a08000,0x0000000085f80000)
 Metaspace       used 15803K, capacity 16044K, committed 16384K, reserved 1062912K
  class space    used 1949K, capacity 2041K, committed 2048K, reserved 1048576K
}
Event: 71.779 GC heap before
{Heap before GC invocations=3 (full 0):
 PSYoungGen      total 38400K, used 36928K [0x00000000d5900000, 0x00000000d8380000, 0x0000000100000000)
  eden space 33280K, 100% used [0x00000000d5900000,0x00000000d7980000,0x00000000d7980000)
  from space 5120K, 71% used [0x00000000d7e80000,0x00000000d8210020,0x00000000d8380000)
  to   space 5120K, 0% used [0x00000000d7980000,0x00000000d7980000,0x00000000d7e80000)
 ParOldGen       total 87552K, used 32K [0x0000000080a00000, 0x0000000085f80000, 0x00000000d5900000)
  object space 87552K, 0% used [0x0000000080a00000,0x0000000080a08000,0x0000000085f80000)
 Metaspace       used 15853K, capacity 16108K, committed 16384K, reserved 1062912K
  class space    used 1950K, capacity 2041K, committed 2048K, reserved 1048576K
Event: 71.784 GC heap after
Heap after GC invocations=3 (full 0):
 PSYoungGen      total 38400K, used 3664K [0x00000000d5900000, 0x00000000d8380000, 0x0000000100000000)
  eden space 33280K, 0% used [0x00000000d5900000,0x00000000d5900000,0x00000000d7980000)
  from space 5120K, 71% used [0x00000000d7980000,0x00000000d7d14010,0x00000000d7e80000)
  to   space 5120K, 0% used [0x00000000d7e80000,0x00000000d7e80000,0x00000000d8380000)
 ParOldGen       total 87552K, used 40K [0x0000000080a00000, 0x0000000085f80000, 0x00000000d5900000)
  object space 87552K, 0% used [0x0000000080a00000,0x0000000080a0a000,0x0000000085f80000)
 Metaspace       used 15853K, capacity 16108K, committed 16384K, reserved 1062912K
  class space    used 1950K, capacity 2041K, committed 2048K, reserved 1048576K
}

